Sun Oct 11 14:54:28 +0200 2009
Hobo::Dryml::Template.initialize : END
Template::Compile
Template::proces_src
Template::children_to_erb
Template::node_to_erb
Template::element_to_erb
Template::tag_call - page
Template::tag_attributes
Template::parameter_tag_hash_item
Template::param_proc
Template::without_parameters
Template::parameter_tag_hash_item
Template::param_proc
Template::default_param_proc
Template::children_to_erb
Template::node_to_erb
Template::node_to_erb
Template::element_to_erb
Template::tag_call - header
Template::tag_attributes
Template::default_param_proc
Template::children_to_erb
Template::node_to_erb
Template::node_to_erb
Template::element_to_erb
Template::static_element_to_erb
Template::children_to_erb
Template::node_to_erb
Template::element_to_erb END
Template::node_to_erb
Template::node_to_erb
Template::element_to_erb
Template::tag_call - comma
Template::tag_attributes
Template::default_param_proc
Template::children_to_erb
Template::node_to_erb
Template::node_to_erb
Template::element_to_erb
Template::tag_call - x
Template::tag_attributes
Template::default_param_proc
Template::children_to_erb
Template::node_to_erb
Template::without_parameters
Template::apply_control_attributes
Template::maybe_make_part_call
Template::tag_call - x END
Template::element_to_erb END
Template::node_to_erb
Template::node_to_erb
Template::element_to_erb
Template::tag_call - x
Template::tag_attributes
Template::default_param_proc
Template::children_to_erb
Template::node_to_erb
Template::without_parameters
Template::apply_control_attributes
Template::maybe_make_part_call
Template::tag_call - x END
Template::element_to_erb END
Template::node_to_erb
Template::without_parameters
Template::apply_control_attributes
Template::maybe_make_part_call
Template::tag_call - comma END
Template::element_to_erb END
Template::node_to_erb
Template::without_parameters
Template::apply_control_attributes
Template::maybe_make_part_call
Template::tag_call - header END
Template::element_to_erb END
Template::node_to_erb
Template::without_parameters
Template::without_parameters
Template::apply_control_attributes
Template::maybe_make_part_call
Template::tag_call - page END
Template::element_to_erb END
Template::node_to_erb
Build template with Hobo::Dryml::DRYMLBuilder
